<?xml version="1.0" encoding="UTF-8"?>
<testng-results ignored="0" total="3" passed="3" failed="0" skipped="0">
  <reporter-output>
  </reporter-output>
  <suite started-at="2022-07-18T09:17:30 MDT" name="Suite" finished-at="2022-07-18T09:18:04 MDT" duration-ms="33711">
    <groups>
    </groups>
    <test started-at="2022-07-18T09:17:30 MDT" name="Login" finished-at="2022-07-18T09:17:48 MDT" duration-ms="18033">
      <class name="com.simolaw.tests.LoginTest">
        <test-method is-config="true" signature="SecondSetUp()[pri:0, instance:com.simolaw.tests.LoginTest@3d08f3f5]" started-at="2022-07-18T09:17:30 MDT" name="SecondSetUp" finished-at="2022-07-18T09:17:36 MDT" duration-ms="5822" status="PASS">
          <reporter-output>
          </reporter-output>
        </test-method> <!-- SecondSetUp -->
        <test-method signature="loginPageTitleVald()[pri:0, instance:com.simolaw.tests.LoginTest@3d08f3f5]" started-at="2022-07-18T09:17:36 MDT" name="loginPageTitleVald" finished-at="2022-07-18T09:17:36 MDT" duration-ms="164" status="PASS">
          <reporter-output>
          </reporter-output>
        </test-method> <!-- loginPageTitleVald -->
        <test-method is-config="true" signature="SecondSetUp()[pri:0, instance:com.simolaw.tests.LoginTest@3d08f3f5]" started-at="2022-07-18T09:17:36 MDT" name="SecondSetUp" finished-at="2022-07-18T09:17:41 MDT" duration-ms="4440" status="PASS">
          <reporter-output>
          </reporter-output>
        </test-method> <!-- SecondSetUp -->
        <test-method signature="loginTest()[pri:0, instance:com.simolaw.tests.LoginTest@3d08f3f5]" started-at="2022-07-18T09:17:41 MDT" name="loginTest" finished-at="2022-07-18T09:17:48 MDT" duration-ms="7574" status="PASS">
          <reporter-output>
          </reporter-output>
        </test-method> <!-- loginTest -->
      </class> <!-- com.simolaw.tests.LoginTest -->
    </test> <!-- Login -->
    <test started-at="2022-07-18T09:17:48 MDT" name="Home" finished-at="2022-07-18T09:18:04 MDT" duration-ms="15428">
      <class name="com.simolaw.tests.HomePageTest">
        <test-method is-config="true" signature="Base()[pri:0, instance:com.simolaw.tests.HomePageTest@724f138e]" started-at="2022-07-18T09:17:30 MDT" name="Base" finished-at="2022-07-18T09:17:30 MDT" duration-ms="158" status="PASS">
          <reporter-output>
          </reporter-output>
        </test-method> <!-- Base -->
        <test-method is-config="true" signature="SetUp()[pri:0, instance:com.simolaw.tests.HomePageTest@724f138e]" started-at="2022-07-18T09:17:48 MDT" name="SetUp" finished-at="2022-07-18T09:17:56 MDT" duration-ms="7653" status="PASS">
          <reporter-output>
          </reporter-output>
        </test-method> <!-- SetUp -->
        <test-method signature="HomePageTitleValid()[pri:0, instance:com.simolaw.tests.HomePageTest@724f138e]" started-at="2022-07-18T09:17:56 MDT" name="HomePageTitleValid" finished-at="2022-07-18T09:18:04 MDT" duration-ms="7770" status="PASS">
          <reporter-output>
          </reporter-output>
        </test-method> <!-- HomePageTitleValid -->
        <test-method is-config="true" signature="AfterSuite()[pri:0, instance:com.simolaw.tests.HomePageTest@724f138e]" started-at="2022-07-18T09:18:04 MDT" name="AfterSuite" finished-at="2022-07-18T09:18:04 MDT" duration-ms="434" status="PASS">
          <reporter-output>
          </reporter-output>
        </test-method> <!-- AfterSuite -->
      </class> <!-- com.simolaw.tests.HomePageTest -->
    </test> <!-- Home -->
  </suite> <!-- Suite -->
</testng-results>
